<?xml version="1.0" encoding="UTF-8"?>
<testsuite name="ResistorColorTest" tests="4" skipped="0" failures="0" errors="0" timestamp="2023-03-09T00:07:36" hostname="LAPTOP3673" time="0.046">
  <properties/>
  <testcase name="testWhiteColorCode" classname="ResistorColorTest" time="0.037"/>
  <testcase name="testColors" classname="ResistorColorTest" time="0.009"/>
  <testcase name="testBlackColorCode" classname="ResistorColorTest" time="0.0"/>
  <testcase name="testOrangeColorCode" classname="ResistorColorTest" time="0.0"/>
  <system-out><![CDATA[]]></system-out>
  <system-err><![CDATA[]]></system-err>
</testsuite>
